<?xml version="1.0" encoding="UTF-8"?>
<!-- Generated by org.testng.reporters.JUnitReportReporter -->
<testsuite skipped="0" hostname="DESKTOP-6A7BK1O" name="com.qa.testcases.Day1" tests="2" failures="0" timestamp="24 Jun 2020 06:53:28 GMT" time="0.014" errors="0">
  <testcase name="test2" time="0.001" classname="com.qa.testcases.Day1"/>
  <testcase name="test1" time="0.013" classname="com.qa.testcases.Day1"/>
</testsuite> <!-- com.qa.testcases.Day1 -->
