<?xml version="1.0" encoding="UTF-8"?>
<!-- Generated by org.testng.reporters.JUnitReportReporter -->
<testsuite skipped="0" hostname="DESKTOP-6A7BK1O" name="com.qa.testcases.Day4" tests="3" failures="0" timestamp="24 Jun 2020 06:53:28 GMT" time="0.004" errors="0">
  <testcase name="mobileLoginHomeLoan" time="0.002" classname="com.qa.testcases.Day4"/>
  <testcase name="webLoginHomeLoan" time="0.001" classname="com.qa.testcases.Day4"/>
  <testcase name="loginApiHomeLoan" time="0.001" classname="com.qa.testcases.Day4"/>
</testsuite> <!-- com.qa.testcases.Day4 -->
