<?xml version="1.0" encoding="UTF-8"?>
<!-- Generated by org.testng.reporters.JUnitReportReporter -->
<testsuite skipped="0" hostname="DESKTOP-6A7BK1O" name="com.qa.testcases1.Day3" tests="3" failures="0" timestamp="24 Jun 2020 21:10:22 GMT" time="0.017" errors="0">
  <testcase name="loginApiCarLoan" time="0.008" classname="com.qa.testcases1.Day3"/>
  <testcase name="webLoginCarLoan" time="0.004" classname="com.qa.testcases1.Day3"/>
  <testcase name="mobileLogOutCarLoan" time="0.005" classname="com.qa.testcases1.Day3"/>
</testsuite> <!-- com.qa.testcases1.Day3 -->
