<?xml version="1.0" encoding="UTF-8"?>
<!-- Generated by org.testng.reporters.JUnitReportReporter -->
<testsuite skipped="0" hostname="DESKTOP-6A7BK1O" name="com.qa.testcases1.Day2" tests="1" failures="0" timestamp="24 Jun 2020 21:10:22 GMT" time="0.002" errors="0">
  <testcase name="test1" time="0.002" classname="com.qa.testcases1.Day2"/>
</testsuite> <!-- com.qa.testcases1.Day2 -->
